<?xml version="1.0" encoding="UTF-8"?>
<!-- Generated by org.testng.reporters.JUnitXMLReporter -->
<testsuite ignored="0" hostname="AkashKhanna" failures="0" tests="1" name="Surefire test" time="87.019" errors="0" timestamp="2023-10-05T08:14:51 IST">
  <testcase classname="com.tests.BaseTest" name="@BeforeMethod setUp" time="86.979">
    <failure type="org.openqa.selenium.SessionNotCreatedException" message="session not created: This version of ChromeDriver only supports Chrome version 114
Current browser version is 117.0.5938.149 with binary path C:\Users\billi\AppData\Local\Google\Chrome\Application\chrome.exe
Build info: version: &amp;apos;3.141.59&amp;apos;, revision: &amp;apos;e82be7d358&amp;apos;, time: &amp;apos;2018-11-14T08:17:03&amp;apos;
System info: host: &amp;apos;AKASHKHANNA&amp;apos;, ip: &amp;apos;192.168.29.233&amp;apos;, os.name: &amp;apos;Windows 11&amp;apos;, os.arch: &amp;apos;amd64&amp;apos;, os.version: &amp;apos;10.0&amp;apos;, java.version: &amp;apos;19.0.2&amp;apos;
Driver info: driver.version: Driver
remote stacktrace: Backtrace:
	GetHandleVerifier [0x0049A813+48355]
	(No symbol) [0x0042C4B1]
	(No symbol) [0x00335358]
	(No symbol) [0x003561AC]
	(No symbol) [0x00351EF3]
	(No symbol) [0x00350579]
	(No symbol) [0x00380C55]
	(No symbol) [0x0038093C]
	(No symbol) [0x0037A536]
	(No symbol) [0x003582DC]
	(No symbol) [0x003593DD]
	GetHandleVerifier [0x006FAABD+2539405]
	GetHandleVerifier [0x0073A78F+2800735]
	GetHandleVerifier [0x0073456C+2775612]
	GetHandleVerifier [0x005251E0+616112]
	(No symbol) [0x00435F8C]
	(No symbol) [0x00432328]
	(No symbol) [0x0043240B]
	(No symbol) [0x00424FF7]
	BaseThreadInitThunk [0x74D87BA9+25]
	RtlInitializeExceptionChain [0x7706B79B+107]
	RtlClearBits [0x7706B71F+191]
">
      <![CDATA[org.openqa.selenium.SessionNotCreatedException: session not created: This version of ChromeDriver only supports Chrome version 114
Current browser version is 117.0.5938.149 with binary path C:\Users\billi\AppData\Local\Google\Chrome\Application\chrome.exe
Build info: version: '3.141.59', revision: 'e82be7d358', time: '2018-11-14T08:17:03'
System info: host: 'AKASHKHANNA', ip: '192.168.29.233', os.name: 'Windows 11', os.arch: 'amd64', os.version: '10.0', java.version: '19.0.2'
Driver info: driver.version: Driver
remote stacktrace: Backtrace:
GetHandleVerifier [0x0049A813+48355]
(No symbol) [0x0042C4B1]
(No symbol) [0x00335358]
(No symbol) [0x003561AC]
(No symbol) [0x00351EF3]
(No symbol) [0x00350579]
(No symbol) [0x00380C55]
(No symbol) [0x0038093C]
(No symbol) [0x0037A536]
(No symbol) [0x003582DC]
(No symbol) [0x003593DD]
GetHandleVerifier [0x006FAABD+2539405]
GetHandleVerifier [0x0073A78F+2800735]
GetHandleVerifier [0x0073456C+2775612]
GetHandleVerifier [0x005251E0+616112]
(No symbol) [0x00435F8C]
(No symbol) [0x00432328]
(No symbol) [0x0043240B]
(No symbol) [0x00424FF7]
BaseThreadInitThunk [0x74D87BA9+25]
RtlInitializeExceptionChain [0x7706B79B+107]
RtlClearBits [0x7706B71F+191]

at org.openqa.selenium.remote.W3CHandshakeResponse.lambda$errorHandler$0(W3CHandshakeResponse.java:62)
at org.openqa.selenium.remote.HandshakeResponse.lambda$getResponseFunction$0(HandshakeResponse.java:30)
at org.openqa.selenium.remote.ProtocolHandshake.lambda$createSession$0(ProtocolHandshake.java:126)
at java.base/java.util.stream.ReferencePipeline$3$1.accept(ReferencePipeline.java:197)
at java.base/java.util.Spliterators$ArraySpliterator.tryAdvance(Spliterators.java:1016)
at java.base/java.util.stream.ReferencePipeline.forEachWithCancel(ReferencePipeline.java:129)
at java.base/java.util.stream.AbstractPipeline.copyIntoWithCancel(AbstractPipeline.java:527)
at java.base/java.util.stream.AbstractPipeline.copyInto(AbstractPipeline.java:513)
at java.base/java.util.stream.AbstractPipeline.wrapAndCopyInto(AbstractPipeline.java:499)
at java.base/java.util.stream.FindOps$FindOp.evaluateSequential(FindOps.java:150)
at java.base/java.util.stream.AbstractPipeline.evaluate(AbstractPipeline.java:234)
at java.base/java.util.stream.ReferencePipeline.findFirst(ReferencePipeline.java:647)
at org.openqa.selenium.remote.ProtocolHandshake.createSession(ProtocolHandshake.java:128)
at org.openqa.selenium.remote.ProtocolHandshake.createSession(ProtocolHandshake.java:74)
at org.openqa.selenium.remote.HttpCommandExecutor.execute(HttpCommandExecutor.java:136)
at org.openqa.selenium.remote.service.DriverCommandExecutor.execute(DriverCommandExecutor.java:83)
at org.openqa.selenium.remote.RemoteWebDriver.execute(RemoteWebDriver.java:552)
at org.openqa.selenium.remote.RemoteWebDriver.startSession(RemoteWebDriver.java:213)
at org.openqa.selenium.remote.RemoteWebDriver.<init>(RemoteWebDriver.java:131)
at org.openqa.selenium.chrome.ChromeDriver.<init>(ChromeDriver.java:181)
at org.openqa.selenium.chrome.ChromeDriver.<init>(ChromeDriver.java:168)
at org.openqa.selenium.chrome.ChromeDriver.<init>(ChromeDriver.java:123)
at com.driver.DriverFactory.getDriver(DriverFactory.java:23)
at com.driver.Driver.initDriver(Driver.java:37)
at com.tests.BaseTest.setUp(BaseTest.java:31)
at java.base/java.util.ArrayList.forEach(ArrayList.java:1511)
... Removed 37 stack frames]]>
    </failure>
  </testcase> <!-- @BeforeMethod setUp -->
  <testcase classname="com.tests.BaseTest" name="@AfterMethod tearDown" time="-1.696473891539E9">
    <skipped/>
  </testcase> <!-- @AfterMethod tearDown -->
  <testcase classname="com.tests.GoogleDemoTest" name="test" time="0.0">
    <skipped/>
  </testcase> <!-- test -->
</testsuite> <!-- Surefire test -->
